CRITICAL - 2023-05-22 01:16:37 --> Undefined property: App\Controllers\back\Lowbuka::$Lamaran
#0 C:\xampp\htdocs\simppeg\app\Controllers\Back\Lowbuka.php(245): CodeIgniter\Debug\Exceptions->errorHandler(2, 'Undefined prope...', 'C:\\xampp\\htdocs...', 245)
#1 C:\xampp\htdocs\simppeg\system\CodeIgniter.php(832): App\Controllers\back\Lowbuka->daftar()
#2 C:\xampp\htdocs\simppeg\system\CodeIgniter.php(419): CodeIgniter\CodeIgniter->runController(Object(App\Controllers\back\Lowbuka))
#3 C:\xampp\htdocs\simppeg\system\CodeIgniter.php(326): CodeIgniter\CodeIgniter->handleRequest(NULL, Object(Config\Cache), false)
#4 C:\xampp\htdocs\simppeg\public\index.php(37): CodeIgniter\CodeIgniter->run()
#5 C:\xampp\htdocs\simppeg\system\Commands\Server\rewrite.php(43): require_once('C:\\xampp\\htdocs...')
#6 {main}
ERROR - 2023-05-22 01:17:26 --> Column 'status' cannot be null
CRITICAL - 2023-05-22 01:17:26 --> Column 'status' cannot be null
#0 C:\xampp\htdocs\simppeg\system\Database\MySQLi\Connection.php(292): mysqli->query('INSERT INTO `tb...', 0)
#1 C:\xampp\htdocs\simppeg\system\Database\BaseConnection.php(670): CodeIgniter\Database\MySQLi\Connection->execute('INSERT INTO `tb...')
#2 C:\xampp\htdocs\simppeg\system\Database\BaseConnection.php(598): CodeIgniter\Database\BaseConnection->simpleQuery('INSERT INTO `tb...')
#3 C:\xampp\htdocs\simppeg\system\Database\BaseBuilder.php(1771): CodeIgniter\Database\BaseConnection->query('INSERT INTO `tb...', Array, false)
#4 C:\xampp\htdocs\simppeg\system\Model.php(239): CodeIgniter\Database\BaseBuilder->insert()
#5 C:\xampp\htdocs\simppeg\system\BaseModel.php(738): CodeIgniter\Model->doInsert(Array)
#6 C:\xampp\htdocs\simppeg\system\Model.php(625): CodeIgniter\BaseModel->insert(Array, true)
#7 C:\xampp\htdocs\simppeg\app\Controllers\Back\Lowbuka.php(246): CodeIgniter\Model->insert(Array)
#8 C:\xampp\htdocs\simppeg\system\CodeIgniter.php(832): App\Controllers\back\Lowbuka->daftar()
#9 C:\xampp\htdocs\simppeg\system\CodeIgniter.php(419): CodeIgniter\CodeIgniter->runController(Object(App\Controllers\back\Lowbuka))
#10 C:\xampp\htdocs\simppeg\system\CodeIgniter.php(326): CodeIgniter\CodeIgniter->handleRequest(NULL, Object(Config\Cache), false)
#11 C:\xampp\htdocs\simppeg\public\index.php(37): CodeIgniter\CodeIgniter->run()
#12 C:\xampp\htdocs\simppeg\system\Commands\Server\rewrite.php(43): require_once('C:\\xampp\\htdocs...')
#13 {main}
ERROR - 2023-05-22 01:56:53 --> You have an error in your SQL syntax; check the manual that corresponds to your MariaDB server version for the right syntax to use near 'WHERE pelamar = '3'' at line 1
CRITICAL - 2023-05-22 01:56:53 --> You have an error in your SQL syntax; check the manual that corresponds to your MariaDB server version for the right syntax to use near 'WHERE pelamar = '3'' at line 1
#0 C:\xampp\htdocs\simppeg\system\Database\MySQLi\Connection.php(292): mysqli->query('SELECT * from t...', 0)
#1 C:\xampp\htdocs\simppeg\system\Database\BaseConnection.php(670): CodeIgniter\Database\MySQLi\Connection->execute('SELECT * from t...')
#2 C:\xampp\htdocs\simppeg\system\Database\BaseConnection.php(598): CodeIgniter\Database\BaseConnection->simpleQuery('SELECT * from t...')
#3 C:\xampp\htdocs\simppeg\app\Controllers\Back\Lowbuka.php(242): CodeIgniter\Database\BaseConnection->query('SELECT * from t...')
#4 C:\xampp\htdocs\simppeg\system\CodeIgniter.php(832): App\Controllers\back\Lowbuka->daftar()
#5 C:\xampp\htdocs\simppeg\system\CodeIgniter.php(419): CodeIgniter\CodeIgniter->runController(Object(App\Controllers\back\Lowbuka))
#6 C:\xampp\htdocs\simppeg\system\CodeIgniter.php(326): CodeIgniter\CodeIgniter->handleRequest(NULL, Object(Config\Cache), false)
#7 C:\xampp\htdocs\simppeg\public\index.php(37): CodeIgniter\CodeIgniter->run()
#8 C:\xampp\htdocs\simppeg\system\Commands\Server\rewrite.php(43): require_once('C:\\xampp\\htdocs...')
#9 {main}
ERROR - 2023-05-22 01:58:05 --> You have an error in your SQL syntax; check the manual that corresponds to your MariaDB server version for the right syntax to use near 'WHERE pelamar = '3'' at line 1
CRITICAL - 2023-05-22 01:58:05 --> You have an error in your SQL syntax; check the manual that corresponds to your MariaDB server version for the right syntax to use near 'WHERE pelamar = '3'' at line 1
#0 C:\xampp\htdocs\simppeg\system\Database\MySQLi\Connection.php(292): mysqli->query('SELECT * from t...', 0)
#1 C:\xampp\htdocs\simppeg\system\Database\BaseConnection.php(670): CodeIgniter\Database\MySQLi\Connection->execute('SELECT * from t...')
#2 C:\xampp\htdocs\simppeg\system\Database\BaseConnection.php(598): CodeIgniter\Database\BaseConnection->simpleQuery('SELECT * from t...')
#3 C:\xampp\htdocs\simppeg\app\Controllers\Back\Lowbuka.php(242): CodeIgniter\Database\BaseConnection->query('SELECT * from t...')
#4 C:\xampp\htdocs\simppeg\system\CodeIgniter.php(832): App\Controllers\back\Lowbuka->daftar()
#5 C:\xampp\htdocs\simppeg\system\CodeIgniter.php(419): CodeIgniter\CodeIgniter->runController(Object(App\Controllers\back\Lowbuka))
#6 C:\xampp\htdocs\simppeg\system\CodeIgniter.php(326): CodeIgniter\CodeIgniter->handleRequest(NULL, Object(Config\Cache), false)
#7 C:\xampp\htdocs\simppeg\public\index.php(37): CodeIgniter\CodeIgniter->run()
#8 C:\xampp\htdocs\simppeg\system\Commands\Server\rewrite.php(43): require_once('C:\\xampp\\htdocs...')
#9 {main}
ERROR - 2023-05-22 01:58:47 --> You have an error in your SQL syntax; check the manual that corresponds to your MariaDB server version for the right syntax to use near 'WHERE pelamar = '3'' at line 1
CRITICAL - 2023-05-22 01:58:47 --> You have an error in your SQL syntax; check the manual that corresponds to your MariaDB server version for the right syntax to use near 'WHERE pelamar = '3'' at line 1
#0 C:\xampp\htdocs\simppeg\system\Database\MySQLi\Connection.php(292): mysqli->query('SELECT * from t...', 0)
#1 C:\xampp\htdocs\simppeg\system\Database\BaseConnection.php(670): CodeIgniter\Database\MySQLi\Connection->execute('SELECT * from t...')
#2 C:\xampp\htdocs\simppeg\system\Database\BaseConnection.php(598): CodeIgniter\Database\BaseConnection->simpleQuery('SELECT * from t...')
#3 C:\xampp\htdocs\simppeg\app\Controllers\Back\Lowbuka.php(242): CodeIgniter\Database\BaseConnection->query('SELECT * from t...')
#4 C:\xampp\htdocs\simppeg\system\CodeIgniter.php(832): App\Controllers\back\Lowbuka->daftar()
#5 C:\xampp\htdocs\simppeg\system\CodeIgniter.php(419): CodeIgniter\CodeIgniter->runController(Object(App\Controllers\back\Lowbuka))
#6 C:\xampp\htdocs\simppeg\system\CodeIgniter.php(326): CodeIgniter\CodeIgniter->handleRequest(NULL, Object(Config\Cache), false)
#7 C:\xampp\htdocs\simppeg\public\index.php(37): CodeIgniter\CodeIgniter->run()
#8 C:\xampp\htdocs\simppeg\system\Commands\Server\rewrite.php(43): require_once('C:\\xampp\\htdocs...')
#9 {main}
CRITICAL - 2023-05-22 03:31:44 --> Undefined property: App\Controllers\back\Riwayat::$Riwayat
#0 C:\xampp\htdocs\simppeg\app\Controllers\Back\Riwayat.php(23): CodeIgniter\Debug\Exceptions->errorHandler(2, 'Undefined prope...', 'C:\\xampp\\htdocs...', 23)
#1 C:\xampp\htdocs\simppeg\system\CodeIgniter.php(832): App\Controllers\back\Riwayat->ambildata()
#2 C:\xampp\htdocs\simppeg\system\CodeIgniter.php(419): CodeIgniter\CodeIgniter->runController(Object(App\Controllers\back\Riwayat))
#3 C:\xampp\htdocs\simppeg\system\CodeIgniter.php(326): CodeIgniter\CodeIgniter->handleRequest(NULL, Object(Config\Cache), false)
#4 C:\xampp\htdocs\simppeg\public\index.php(37): CodeIgniter\CodeIgniter->run()
#5 C:\xampp\htdocs\simppeg\system\Commands\Server\rewrite.php(43): require_once('C:\\xampp\\htdocs...')
#6 {main}
CRITICAL - 2023-05-22 03:35:10 --> Class "App\Models\Modeldatariwayat" not found
#0 C:\xampp\htdocs\simppeg\system\CodeIgniter.php(832): App\Controllers\back\Riwayat->listdata()
#1 C:\xampp\htdocs\simppeg\system\CodeIgniter.php(419): CodeIgniter\CodeIgniter->runController(Object(App\Controllers\back\Riwayat))
#2 C:\xampp\htdocs\simppeg\system\CodeIgniter.php(326): CodeIgniter\CodeIgniter->handleRequest(NULL, Object(Config\Cache), false)
#3 C:\xampp\htdocs\simppeg\public\index.php(37): CodeIgniter\CodeIgniter->run()
#4 C:\xampp\htdocs\simppeg\system\Commands\Server\rewrite.php(43): require_once('C:\\xampp\\htdocs...')
#5 {main}
CRITICAL - 2023-05-22 03:41:00 --> Class "App\Models\Modeldatariwayat" not found
#0 C:\xampp\htdocs\simppeg\system\CodeIgniter.php(832): App\Controllers\back\Riwayat->listdata()
#1 C:\xampp\htdocs\simppeg\system\CodeIgniter.php(419): CodeIgniter\CodeIgniter->runController(Object(App\Controllers\back\Riwayat))
#2 C:\xampp\htdocs\simppeg\system\CodeIgniter.php(326): CodeIgniter\CodeIgniter->handleRequest(NULL, Object(Config\Cache), false)
#3 C:\xampp\htdocs\simppeg\public\index.php(37): CodeIgniter\CodeIgniter->run()
#4 C:\xampp\htdocs\simppeg\system\Commands\Server\rewrite.php(43): require_once('C:\\xampp\\htdocs...')
#5 {main}
CRITICAL - 2023-05-22 03:42:49 --> Class "App\Models\Modeldatariwayat" not found
#0 C:\xampp\htdocs\simppeg\system\CodeIgniter.php(832): App\Controllers\back\Riwayat->listdata()
#1 C:\xampp\htdocs\simppeg\system\CodeIgniter.php(419): CodeIgniter\CodeIgniter->runController(Object(App\Controllers\back\Riwayat))
#2 C:\xampp\htdocs\simppeg\system\CodeIgniter.php(326): CodeIgniter\CodeIgniter->handleRequest(NULL, Object(Config\Cache), false)
#3 C:\xampp\htdocs\simppeg\public\index.php(37): CodeIgniter\CodeIgniter->run()
#4 C:\xampp\htdocs\simppeg\system\Commands\Server\rewrite.php(43): require_once('C:\\xampp\\htdocs...')
#5 {main}
CRITICAL - 2023-05-22 03:44:53 --> Class "App\Models\Modeldatariwayat" not found
#0 C:\xampp\htdocs\simppeg\system\CodeIgniter.php(832): App\Controllers\back\Riwayat->listdata()
#1 C:\xampp\htdocs\simppeg\system\CodeIgniter.php(419): CodeIgniter\CodeIgniter->runController(Object(App\Controllers\back\Riwayat))
#2 C:\xampp\htdocs\simppeg\system\CodeIgniter.php(326): CodeIgniter\CodeIgniter->handleRequest(NULL, Object(Config\Cache), false)
#3 C:\xampp\htdocs\simppeg\public\index.php(37): CodeIgniter\CodeIgniter->run()
#4 C:\xampp\htdocs\simppeg\system\Commands\Server\rewrite.php(43): require_once('C:\\xampp\\htdocs...')
#5 {main}
CRITICAL - 2023-05-22 03:46:38 --> Class "App\Models\Modeldatariwayat" not found
#0 C:\xampp\htdocs\simppeg\system\CodeIgniter.php(832): App\Controllers\back\Riwayat->listdata()
#1 C:\xampp\htdocs\simppeg\system\CodeIgniter.php(419): CodeIgniter\CodeIgniter->runController(Object(App\Controllers\back\Riwayat))
#2 C:\xampp\htdocs\simppeg\system\CodeIgniter.php(326): CodeIgniter\CodeIgniter->handleRequest(NULL, Object(Config\Cache), false)
#3 C:\xampp\htdocs\simppeg\public\index.php(37): CodeIgniter\CodeIgniter->run()
#4 C:\xampp\htdocs\simppeg\system\Commands\Server\rewrite.php(43): require_once('C:\\xampp\\htdocs...')
#5 {main}
CRITICAL - 2023-05-22 03:52:54 --> Class "App\Models\Modeldatariwayat" not found
#0 C:\xampp\htdocs\simppeg\system\CodeIgniter.php(832): App\Controllers\back\Riwayat->listdata()
#1 C:\xampp\htdocs\simppeg\system\CodeIgniter.php(419): CodeIgniter\CodeIgniter->runController(Object(App\Controllers\back\Riwayat))
#2 C:\xampp\htdocs\simppeg\system\CodeIgniter.php(326): CodeIgniter\CodeIgniter->handleRequest(NULL, Object(Config\Cache), false)
#3 C:\xampp\htdocs\simppeg\public\index.php(37): CodeIgniter\CodeIgniter->run()
#4 C:\xampp\htdocs\simppeg\system\Commands\Server\rewrite.php(43): require_once('C:\\xampp\\htdocs...')
#5 {main}
CRITICAL - 2023-05-22 03:54:06 --> Class "App\Models\Modeldatariwayat" not found
#0 C:\xampp\htdocs\simppeg\system\CodeIgniter.php(832): App\Controllers\back\Riwayat->listdata()
#1 C:\xampp\htdocs\simppeg\system\CodeIgniter.php(419): CodeIgniter\CodeIgniter->runController(Object(App\Controllers\back\Riwayat))
#2 C:\xampp\htdocs\simppeg\system\CodeIgniter.php(326): CodeIgniter\CodeIgniter->handleRequest(NULL, Object(Config\Cache), false)
#3 C:\xampp\htdocs\simppeg\public\index.php(37): CodeIgniter\CodeIgniter->run()
#4 C:\xampp\htdocs\simppeg\system\Commands\Server\rewrite.php(43): require_once('C:\\xampp\\htdocs...')
#5 {main}
CRITICAL - 2023-05-22 03:54:59 --> Class "App\Models\Modeldatariwayat" not found
#0 C:\xampp\htdocs\simppeg\system\CodeIgniter.php(832): App\Controllers\back\Riwayat->listdata()
#1 C:\xampp\htdocs\simppeg\system\CodeIgniter.php(419): CodeIgniter\CodeIgniter->runController(Object(App\Controllers\back\Riwayat))
#2 C:\xampp\htdocs\simppeg\system\CodeIgniter.php(326): CodeIgniter\CodeIgniter->handleRequest(NULL, Object(Config\Cache), false)
#3 C:\xampp\htdocs\simppeg\public\index.php(37): CodeIgniter\CodeIgniter->run()
#4 C:\xampp\htdocs\simppeg\system\Commands\Server\rewrite.php(43): require_once('C:\\xampp\\htdocs...')
#5 {main}
CRITICAL - 2023-05-22 03:56:50 --> Class "App\Models\Modeldatariwayat" not found
#0 C:\xampp\htdocs\simppeg\system\CodeIgniter.php(832): App\Controllers\back\Riwayat->listdata()
#1 C:\xampp\htdocs\simppeg\system\CodeIgniter.php(419): CodeIgniter\CodeIgniter->runController(Object(App\Controllers\back\Riwayat))
#2 C:\xampp\htdocs\simppeg\system\CodeIgniter.php(326): CodeIgniter\CodeIgniter->handleRequest(NULL, Object(Config\Cache), false)
#3 C:\xampp\htdocs\simppeg\public\index.php(37): CodeIgniter\CodeIgniter->run()
#4 C:\xampp\htdocs\simppeg\system\Commands\Server\rewrite.php(43): require_once('C:\\xampp\\htdocs...')
#5 {main}
CRITICAL - 2023-05-22 03:57:12 --> Class "App\Models\Modeldatariwayat" not found
#0 C:\xampp\htdocs\simppeg\system\CodeIgniter.php(832): App\Controllers\back\Riwayat->listdata()
#1 C:\xampp\htdocs\simppeg\system\CodeIgniter.php(419): CodeIgniter\CodeIgniter->runController(Object(App\Controllers\back\Riwayat))
#2 C:\xampp\htdocs\simppeg\system\CodeIgniter.php(326): CodeIgniter\CodeIgniter->handleRequest(NULL, Object(Config\Cache), false)
#3 C:\xampp\htdocs\simppeg\public\index.php(37): CodeIgniter\CodeIgniter->run()
#4 C:\xampp\htdocs\simppeg\system\Commands\Server\rewrite.php(43): require_once('C:\\xampp\\htdocs...')
#5 {main}
CRITICAL - 2023-05-22 03:59:45 --> Class "App\Models\Modeldatariwayat" not found
#0 C:\xampp\htdocs\simppeg\system\CodeIgniter.php(832): App\Controllers\back\Riwayat->listdata()
#1 C:\xampp\htdocs\simppeg\system\CodeIgniter.php(419): CodeIgniter\CodeIgniter->runController(Object(App\Controllers\back\Riwayat))
#2 C:\xampp\htdocs\simppeg\system\CodeIgniter.php(326): CodeIgniter\CodeIgniter->handleRequest(NULL, Object(Config\Cache), false)
#3 C:\xampp\htdocs\simppeg\public\index.php(37): CodeIgniter\CodeIgniter->run()
#4 C:\xampp\htdocs\simppeg\system\Commands\Server\rewrite.php(43): require_once('C:\\xampp\\htdocs...')
#5 {main}
CRITICAL - 2023-05-22 04:18:44 --> Trying to access array offset on value of type null
#0 C:\xampp\htdocs\simppeg\app\Controllers\Back\Lowongan.php(220): CodeIgniter\Debug\Exceptions->errorHandler(2, 'Trying to acces...', 'C:\\xampp\\htdocs...', 220)
#1 C:\xampp\htdocs\simppeg\system\CodeIgniter.php(832): App\Controllers\back\Lowongan->formdetail()
#2 C:\xampp\htdocs\simppeg\system\CodeIgniter.php(419): CodeIgniter\CodeIgniter->runController(Object(App\Controllers\back\Lowongan))
#3 C:\xampp\htdocs\simppeg\system\CodeIgniter.php(326): CodeIgniter\CodeIgniter->handleRequest(NULL, Object(Config\Cache), false)
#4 C:\xampp\htdocs\simppeg\public\index.php(37): CodeIgniter\CodeIgniter->run()
#5 C:\xampp\htdocs\simppeg\system\Commands\Server\rewrite.php(43): require_once('C:\\xampp\\htdocs...')
#6 {main}
CRITICAL - 2023-05-22 04:18:57 --> Trying to access array offset on value of type null
#0 C:\xampp\htdocs\simppeg\app\Controllers\Back\Lowongan.php(220): CodeIgniter\Debug\Exceptions->errorHandler(2, 'Trying to acces...', 'C:\\xampp\\htdocs...', 220)
#1 C:\xampp\htdocs\simppeg\system\CodeIgniter.php(832): App\Controllers\back\Lowongan->formdetail()
#2 C:\xampp\htdocs\simppeg\system\CodeIgniter.php(419): CodeIgniter\CodeIgniter->runController(Object(App\Controllers\back\Lowongan))
#3 C:\xampp\htdocs\simppeg\system\CodeIgniter.php(326): CodeIgniter\CodeIgniter->handleRequest(NULL, Object(Config\Cache), false)
#4 C:\xampp\htdocs\simppeg\public\index.php(37): CodeIgniter\CodeIgniter->run()
#5 C:\xampp\htdocs\simppeg\system\Commands\Server\rewrite.php(43): require_once('C:\\xampp\\htdocs...')
#6 {main}
CRITICAL - 2023-05-22 05:02:49 --> Trying to access array offset on value of type null
#0 C:\xampp\htdocs\simppeg\app\Controllers\Back\Lowongan.php(220): CodeIgniter\Debug\Exceptions->errorHandler(2, 'Trying to acces...', 'C:\\xampp\\htdocs...', 220)
#1 C:\xampp\htdocs\simppeg\system\CodeIgniter.php(832): App\Controllers\back\Lowongan->formdetail()
#2 C:\xampp\htdocs\simppeg\system\CodeIgniter.php(419): CodeIgniter\CodeIgniter->runController(Object(App\Controllers\back\Lowongan))
#3 C:\xampp\htdocs\simppeg\system\CodeIgniter.php(326): CodeIgniter\CodeIgniter->handleRequest(NULL, Object(Config\Cache), false)
#4 C:\xampp\htdocs\simppeg\public\index.php(37): CodeIgniter\CodeIgniter->run()
#5 C:\xampp\htdocs\simppeg\system\Commands\Server\rewrite.php(43): require_once('C:\\xampp\\htdocs...')
#6 {main}
CRITICAL - 2023-05-22 07:25:21 --> Attempt to read property "nama" on null
#0 C:\xampp\htdocs\simppeg\app\Views\Base\Main.php(102): CodeIgniter\Debug\Exceptions->errorHandler(2, 'Attempt to read...', 'C:\\xampp\\htdocs...', 102)
#1 C:\xampp\htdocs\simppeg\system\View\View.php(210): include('C:\\xampp\\htdocs...')
#2 C:\xampp\htdocs\simppeg\system\View\View.php(213): CodeIgniter\View\View->CodeIgniter\View\{closure}()
#3 C:\xampp\htdocs\simppeg\system\View\View.php(226): CodeIgniter\View\View->render('Base/Main', Array, true)
#4 C:\xampp\htdocs\simppeg\system\View\View.php(226): CodeIgniter\View\View->render('Base/Menu', Array, true)
#5 C:\xampp\htdocs\simppeg\system\Common.php(1089): CodeIgniter\View\View->render('Page/Pelamar/Vi...', Array, true)
#6 C:\xampp\htdocs\simppeg\app\Controllers\Back\Pelamar.php(17): view('Page/Pelamar/Vi...', Array)
#7 C:\xampp\htdocs\simppeg\system\CodeIgniter.php(832): App\Controllers\back\Pelamar->index()
#8 C:\xampp\htdocs\simppeg\system\CodeIgniter.php(419): CodeIgniter\CodeIgniter->runController(Object(App\Controllers\back\Pelamar))
#9 C:\xampp\htdocs\simppeg\system\CodeIgniter.php(326): CodeIgniter\CodeIgniter->handleRequest(NULL, Object(Config\Cache), false)
#10 C:\xampp\htdocs\simppeg\public\index.php(37): CodeIgniter\CodeIgniter->run()
#11 C:\xampp\htdocs\simppeg\system\Commands\Server\rewrite.php(43): require_once('C:\\xampp\\htdocs...')
#12 {main}
CRITICAL - 2023-05-22 07:26:04 --> Class "App\Models\Modaldataseleksi" not found
#0 C:\xampp\htdocs\simppeg\system\CodeIgniter.php(832): App\Controllers\back\Seleksi->listdata()
#1 C:\xampp\htdocs\simppeg\system\CodeIgniter.php(419): CodeIgniter\CodeIgniter->runController(Object(App\Controllers\back\Seleksi))
#2 C:\xampp\htdocs\simppeg\system\CodeIgniter.php(326): CodeIgniter\CodeIgniter->handleRequest(NULL, Object(Config\Cache), false)
#3 C:\xampp\htdocs\simppeg\public\index.php(37): CodeIgniter\CodeIgniter->run()
#4 C:\xampp\htdocs\simppeg\system\Commands\Server\rewrite.php(43): require_once('C:\\xampp\\htdocs...')
#5 {main}
CRITICAL - 2023-05-22 07:26:29 --> Class "App\Models\Modaldataseleksi" not found
#0 C:\xampp\htdocs\simppeg\system\CodeIgniter.php(832): App\Controllers\back\Seleksi->listdata()
#1 C:\xampp\htdocs\simppeg\system\CodeIgniter.php(419): CodeIgniter\CodeIgniter->runController(Object(App\Controllers\back\Seleksi))
#2 C:\xampp\htdocs\simppeg\system\CodeIgniter.php(326): CodeIgniter\CodeIgniter->handleRequest(NULL, Object(Config\Cache), false)
#3 C:\xampp\htdocs\simppeg\public\index.php(37): CodeIgniter\CodeIgniter->run()
#4 C:\xampp\htdocs\simppeg\system\Commands\Server\rewrite.php(43): require_once('C:\\xampp\\htdocs...')
#5 {main}
CRITICAL - 2023-05-22 07:41:22 --> Undefined variable $id_lowongan
#0 C:\xampp\htdocs\simppeg\app\Views\Page\Seleksi\modalstatus.php(14): CodeIgniter\Debug\Exceptions->errorHandler(2, 'Undefined varia...', 'C:\\xampp\\htdocs...', 14)
#1 C:\xampp\htdocs\simppeg\system\View\View.php(210): include('C:\\xampp\\htdocs...')
#2 C:\xampp\htdocs\simppeg\system\View\View.php(213): CodeIgniter\View\View->CodeIgniter\View\{closure}()
#3 C:\xampp\htdocs\simppeg\system\Common.php(1089): CodeIgniter\View\View->render('Page/Seleksi/mo...', Array, true)
#4 C:\xampp\htdocs\simppeg\app\Controllers\Back\Seleksi.php(87): view('Page/Seleksi/mo...', Array)
#5 C:\xampp\htdocs\simppeg\system\CodeIgniter.php(832): App\Controllers\back\Seleksi->formstatus()
#6 C:\xampp\htdocs\simppeg\system\CodeIgniter.php(419): CodeIgniter\CodeIgniter->runController(Object(App\Controllers\back\Seleksi))
#7 C:\xampp\htdocs\simppeg\system\CodeIgniter.php(326): CodeIgniter\CodeIgniter->handleRequest(NULL, Object(Config\Cache), false)
#8 C:\xampp\htdocs\simppeg\public\index.php(37): CodeIgniter\CodeIgniter->run()
#9 C:\xampp\htdocs\simppeg\system\Commands\Server\rewrite.php(43): require_once('C:\\xampp\\htdocs...')
#10 {main}
