CRITICAL - 2023-05-14 00:02:23 --> Invalid file: Page/Pelamar/Viewdata.php
#0 C:\xampp\htdocs\simppeg\system\View\View.php(198): CodeIgniter\Exceptions\FrameworkException::forInvalidFile('Page/Pelamar/Vi...')
#1 C:\xampp\htdocs\simppeg\system\Common.php(1089): CodeIgniter\View\View->render('Page/Pelamar/Vi...', Array, true)
#2 C:\xampp\htdocs\simppeg\app\Controllers\Back\Pelamar.php(17): view('Page/Pelamar/Vi...', Array)
#3 C:\xampp\htdocs\simppeg\system\CodeIgniter.php(832): App\Controllers\back\Pelamar->index()
#4 C:\xampp\htdocs\simppeg\system\CodeIgniter.php(419): CodeIgniter\CodeIgniter->runController(Object(App\Controllers\back\Pelamar))
#5 C:\xampp\htdocs\simppeg\system\CodeIgniter.php(326): CodeIgniter\CodeIgniter->handleRequest(NULL, Object(Config\Cache), false)
#6 C:\xampp\htdocs\simppeg\public\index.php(37): CodeIgniter\CodeIgniter->run()
#7 C:\xampp\htdocs\simppeg\system\Commands\Server\rewrite.php(43): require_once('C:\\xampp\\htdocs...')
#8 {main}
CRITICAL - 2023-05-14 00:24:27 --> Invalid file: Page/Pelamar/Viwdata.php
#0 C:\xampp\htdocs\simppeg\system\View\View.php(198): CodeIgniter\Exceptions\FrameworkException::forInvalidFile('Page/Pelamar/Vi...')
#1 C:\xampp\htdocs\simppeg\system\Common.php(1089): CodeIgniter\View\View->render('Page/Pelamar/Vi...', Array, true)
#2 C:\xampp\htdocs\simppeg\app\Controllers\Back\Pelamar.php(17): view('Page/Pelamar/Vi...', Array)
#3 C:\xampp\htdocs\simppeg\system\CodeIgniter.php(832): App\Controllers\back\Pelamar->index()
#4 C:\xampp\htdocs\simppeg\system\CodeIgniter.php(419): CodeIgniter\CodeIgniter->runController(Object(App\Controllers\back\Pelamar))
#5 C:\xampp\htdocs\simppeg\system\CodeIgniter.php(326): CodeIgniter\CodeIgniter->handleRequest(NULL, Object(Config\Cache), false)
#6 C:\xampp\htdocs\simppeg\public\index.php(37): CodeIgniter\CodeIgniter->run()
#7 C:\xampp\htdocs\simppeg\system\Commands\Server\rewrite.php(43): require_once('C:\\xampp\\htdocs...')
#8 {main}
CRITICAL - 2023-05-14 04:44:39 --> There is no data to update.
#0 C:\xampp\htdocs\simppeg\system\BaseModel.php(846): CodeIgniter\Database\Exceptions\DataException::forEmptyDataset('update')
#1 C:\xampp\htdocs\simppeg\system\Model.php(651): CodeIgniter\BaseModel->update(Array, Array)
#2 C:\xampp\htdocs\simppeg\app\Controllers\Back\Pelamar.php(222): CodeIgniter\Model->update('2', Array)
#3 C:\xampp\htdocs\simppeg\system\CodeIgniter.php(832): App\Controllers\back\Pelamar->updatefoto()
#4 C:\xampp\htdocs\simppeg\system\CodeIgniter.php(419): CodeIgniter\CodeIgniter->runController(Object(App\Controllers\back\Pelamar))
#5 C:\xampp\htdocs\simppeg\system\CodeIgniter.php(326): CodeIgniter\CodeIgniter->handleRequest(NULL, Object(Config\Cache), false)
#6 C:\xampp\htdocs\simppeg\public\index.php(37): CodeIgniter\CodeIgniter->run()
#7 C:\xampp\htdocs\simppeg\system\Commands\Server\rewrite.php(43): require_once('C:\\xampp\\htdocs...')
#8 {main}
CRITICAL - 2023-05-14 04:51:57 --> Attempt to read property "foto" on null
#0 C:\xampp\htdocs\simppeg\app\Views\Page\Pelamar\Profile.php(38): CodeIgniter\Debug\Exceptions->errorHandler(2, 'Attempt to read...', 'C:\\xampp\\htdocs...', 38)
#1 C:\xampp\htdocs\simppeg\system\View\View.php(210): include('C:\\xampp\\htdocs...')
#2 C:\xampp\htdocs\simppeg\system\View\View.php(213): CodeIgniter\View\View->CodeIgniter\View\{closure}()
#3 C:\xampp\htdocs\simppeg\system\Common.php(1089): CodeIgniter\View\View->render('Page/Pelamar/Pr...', Array, true)
#4 C:\xampp\htdocs\simppeg\app\Controllers\Back\Pelamar.php(238): view('Page/Pelamar/Pr...', Array)
#5 C:\xampp\htdocs\simppeg\system\CodeIgniter.php(832): App\Controllers\back\Pelamar->Profile()
#6 C:\xampp\htdocs\simppeg\system\CodeIgniter.php(419): CodeIgniter\CodeIgniter->runController(Object(App\Controllers\back\Pelamar))
#7 C:\xampp\htdocs\simppeg\system\CodeIgniter.php(326): CodeIgniter\CodeIgniter->handleRequest(NULL, Object(Config\Cache), false)
#8 C:\xampp\htdocs\simppeg\public\index.php(37): CodeIgniter\CodeIgniter->run()
#9 C:\xampp\htdocs\simppeg\system\Commands\Server\rewrite.php(43): require_once('C:\\xampp\\htdocs...')
#10 {main}
CRITICAL - 2023-05-14 05:16:06 --> Attempt to read property "id_pelamar" on null
#0 C:\xampp\htdocs\simppeg\app\Views\Page\Pelamar\Profile.php(50): CodeIgniter\Debug\Exceptions->errorHandler(2, 'Attempt to read...', 'C:\\xampp\\htdocs...', 50)
#1 C:\xampp\htdocs\simppeg\system\View\View.php(210): include('C:\\xampp\\htdocs...')
#2 C:\xampp\htdocs\simppeg\system\View\View.php(213): CodeIgniter\View\View->CodeIgniter\View\{closure}()
#3 C:\xampp\htdocs\simppeg\system\Common.php(1089): CodeIgniter\View\View->render('Page/Pelamar/Pr...', Array, true)
#4 C:\xampp\htdocs\simppeg\app\Controllers\Back\Pelamar.php(238): view('Page/Pelamar/Pr...', Array)
#5 C:\xampp\htdocs\simppeg\system\CodeIgniter.php(832): App\Controllers\back\Pelamar->Profile()
#6 C:\xampp\htdocs\simppeg\system\CodeIgniter.php(419): CodeIgniter\CodeIgniter->runController(Object(App\Controllers\back\Pelamar))
#7 C:\xampp\htdocs\simppeg\system\CodeIgniter.php(326): CodeIgniter\CodeIgniter->handleRequest(NULL, Object(Config\Cache), false)
#8 C:\xampp\htdocs\simppeg\public\index.php(37): CodeIgniter\CodeIgniter->run()
#9 C:\xampp\htdocs\simppeg\system\Commands\Server\rewrite.php(43): require_once('C:\\xampp\\htdocs...')
#10 {main}
CRITICAL - 2023-05-14 05:17:04 --> Attempt to read property "id_pelamar" on null
#0 C:\xampp\htdocs\simppeg\app\Views\Page\Pelamar\Profile.php(55): CodeIgniter\Debug\Exceptions->errorHandler(2, 'Attempt to read...', 'C:\\xampp\\htdocs...', 55)
#1 C:\xampp\htdocs\simppeg\system\View\View.php(210): include('C:\\xampp\\htdocs...')
#2 C:\xampp\htdocs\simppeg\system\View\View.php(213): CodeIgniter\View\View->CodeIgniter\View\{closure}()
#3 C:\xampp\htdocs\simppeg\system\Common.php(1089): CodeIgniter\View\View->render('Page/Pelamar/Pr...', Array, true)
#4 C:\xampp\htdocs\simppeg\app\Controllers\Back\Pelamar.php(238): view('Page/Pelamar/Pr...', Array)
#5 C:\xampp\htdocs\simppeg\system\CodeIgniter.php(832): App\Controllers\back\Pelamar->Profile()
#6 C:\xampp\htdocs\simppeg\system\CodeIgniter.php(419): CodeIgniter\CodeIgniter->runController(Object(App\Controllers\back\Pelamar))
#7 C:\xampp\htdocs\simppeg\system\CodeIgniter.php(326): CodeIgniter\CodeIgniter->handleRequest(NULL, Object(Config\Cache), false)
#8 C:\xampp\htdocs\simppeg\public\index.php(37): CodeIgniter\CodeIgniter->run()
#9 C:\xampp\htdocs\simppeg\system\Commands\Server\rewrite.php(43): require_once('C:\\xampp\\htdocs...')
#10 {main}
CRITICAL - 2023-05-14 05:28:02 --> Attempt to read property "nama" on null
#0 C:\xampp\htdocs\simppeg\app\Views\Base\Main.php(102): CodeIgniter\Debug\Exceptions->errorHandler(2, 'Attempt to read...', 'C:\\xampp\\htdocs...', 102)
#1 C:\xampp\htdocs\simppeg\system\View\View.php(210): include('C:\\xampp\\htdocs...')
#2 C:\xampp\htdocs\simppeg\system\View\View.php(213): CodeIgniter\View\View->CodeIgniter\View\{closure}()
#3 C:\xampp\htdocs\simppeg\system\View\View.php(226): CodeIgniter\View\View->render('Base/Main', Array, true)
#4 C:\xampp\htdocs\simppeg\system\View\View.php(226): CodeIgniter\View\View->render('Base/Menu', Array, true)
#5 C:\xampp\htdocs\simppeg\system\Common.php(1089): CodeIgniter\View\View->render('Page/Beranda', Array, true)
#6 C:\xampp\htdocs\simppeg\app\Controllers\Homepage.php(22): view('Page/Beranda', Array)
#7 C:\xampp\htdocs\simppeg\system\CodeIgniter.php(832): App\Controllers\Homepage->index()
#8 C:\xampp\htdocs\simppeg\system\CodeIgniter.php(419): CodeIgniter\CodeIgniter->runController(Object(App\Controllers\Homepage))
#9 C:\xampp\htdocs\simppeg\system\CodeIgniter.php(326): CodeIgniter\CodeIgniter->handleRequest(NULL, Object(Config\Cache), false)
#10 C:\xampp\htdocs\simppeg\public\index.php(37): CodeIgniter\CodeIgniter->run()
#11 C:\xampp\htdocs\simppeg\system\Commands\Server\rewrite.php(43): require_once('C:\\xampp\\htdocs...')
#12 {main}
CRITICAL - 2023-05-14 05:28:09 --> Attempt to read property "nama" on null
#0 C:\xampp\htdocs\simppeg\app\Views\Base\Main.php(102): CodeIgniter\Debug\Exceptions->errorHandler(2, 'Attempt to read...', 'C:\\xampp\\htdocs...', 102)
#1 C:\xampp\htdocs\simppeg\system\View\View.php(210): include('C:\\xampp\\htdocs...')
#2 C:\xampp\htdocs\simppeg\system\View\View.php(213): CodeIgniter\View\View->CodeIgniter\View\{closure}()
#3 C:\xampp\htdocs\simppeg\system\View\View.php(226): CodeIgniter\View\View->render('Base/Main', Array, true)
#4 C:\xampp\htdocs\simppeg\system\View\View.php(226): CodeIgniter\View\View->render('Base/Menu', Array, true)
#5 C:\xampp\htdocs\simppeg\system\Common.php(1089): CodeIgniter\View\View->render('Page/Beranda', Array, true)
#6 C:\xampp\htdocs\simppeg\app\Controllers\Homepage.php(22): view('Page/Beranda', Array)
#7 C:\xampp\htdocs\simppeg\system\CodeIgniter.php(832): App\Controllers\Homepage->index()
#8 C:\xampp\htdocs\simppeg\system\CodeIgniter.php(419): CodeIgniter\CodeIgniter->runController(Object(App\Controllers\Homepage))
#9 C:\xampp\htdocs\simppeg\system\CodeIgniter.php(326): CodeIgniter\CodeIgniter->handleRequest(NULL, Object(Config\Cache), false)
#10 C:\xampp\htdocs\simppeg\public\index.php(37): CodeIgniter\CodeIgniter->run()
#11 C:\xampp\htdocs\simppeg\system\Commands\Server\rewrite.php(43): require_once('C:\\xampp\\htdocs...')
#12 {main}
CRITICAL - 2023-05-14 05:29:34 --> Undefined variable $row
#0 C:\xampp\htdocs\simppeg\app\Views\Page\Pelamar\Profile.php(50): CodeIgniter\Debug\Exceptions->errorHandler(2, 'Undefined varia...', 'C:\\xampp\\htdocs...', 50)
#1 C:\xampp\htdocs\simppeg\system\View\View.php(210): include('C:\\xampp\\htdocs...')
#2 C:\xampp\htdocs\simppeg\system\View\View.php(213): CodeIgniter\View\View->CodeIgniter\View\{closure}()
#3 C:\xampp\htdocs\simppeg\system\Common.php(1089): CodeIgniter\View\View->render('Page/Pelamar/Pr...', Array, true)
#4 C:\xampp\htdocs\simppeg\app\Controllers\Back\Pelamar.php(238): view('Page/Pelamar/Pr...', Array)
#5 C:\xampp\htdocs\simppeg\system\CodeIgniter.php(832): App\Controllers\back\Pelamar->Profile()
#6 C:\xampp\htdocs\simppeg\system\CodeIgniter.php(419): CodeIgniter\CodeIgniter->runController(Object(App\Controllers\back\Pelamar))
#7 C:\xampp\htdocs\simppeg\system\CodeIgniter.php(326): CodeIgniter\CodeIgniter->handleRequest(NULL, Object(Config\Cache), false)
#8 C:\xampp\htdocs\simppeg\public\index.php(37): CodeIgniter\CodeIgniter->run()
#9 C:\xampp\htdocs\simppeg\system\Commands\Server\rewrite.php(43): require_once('C:\\xampp\\htdocs...')
#10 {main}
CRITICAL - 2023-05-14 05:30:40 --> Undefined variable $row
#0 C:\xampp\htdocs\simppeg\app\Views\Page\Pelamar\Profile.php(50): CodeIgniter\Debug\Exceptions->errorHandler(2, 'Undefined varia...', 'C:\\xampp\\htdocs...', 50)
#1 C:\xampp\htdocs\simppeg\system\View\View.php(210): include('C:\\xampp\\htdocs...')
#2 C:\xampp\htdocs\simppeg\system\View\View.php(213): CodeIgniter\View\View->CodeIgniter\View\{closure}()
#3 C:\xampp\htdocs\simppeg\system\Common.php(1089): CodeIgniter\View\View->render('Page/Pelamar/Pr...', Array, true)
#4 C:\xampp\htdocs\simppeg\app\Controllers\Back\Pelamar.php(238): view('Page/Pelamar/Pr...', Array)
#5 C:\xampp\htdocs\simppeg\system\CodeIgniter.php(832): App\Controllers\back\Pelamar->Profile()
#6 C:\xampp\htdocs\simppeg\system\CodeIgniter.php(419): CodeIgniter\CodeIgniter->runController(Object(App\Controllers\back\Pelamar))
#7 C:\xampp\htdocs\simppeg\system\CodeIgniter.php(326): CodeIgniter\CodeIgniter->handleRequest(NULL, Object(Config\Cache), false)
#8 C:\xampp\htdocs\simppeg\public\index.php(37): CodeIgniter\CodeIgniter->run()
#9 C:\xampp\htdocs\simppeg\system\Commands\Server\rewrite.php(43): require_once('C:\\xampp\\htdocs...')
#10 {main}
CRITICAL - 2023-05-14 05:30:52 --> Undefined variable $row
#0 C:\xampp\htdocs\simppeg\app\Views\Page\Pelamar\Profile.php(50): CodeIgniter\Debug\Exceptions->errorHandler(2, 'Undefined varia...', 'C:\\xampp\\htdocs...', 50)
#1 C:\xampp\htdocs\simppeg\system\View\View.php(210): include('C:\\xampp\\htdocs...')
#2 C:\xampp\htdocs\simppeg\system\View\View.php(213): CodeIgniter\View\View->CodeIgniter\View\{closure}()
#3 C:\xampp\htdocs\simppeg\system\Common.php(1089): CodeIgniter\View\View->render('Page/Pelamar/Pr...', Array, true)
#4 C:\xampp\htdocs\simppeg\app\Controllers\Back\Pelamar.php(238): view('Page/Pelamar/Pr...', Array)
#5 C:\xampp\htdocs\simppeg\system\CodeIgniter.php(832): App\Controllers\back\Pelamar->Profile()
#6 C:\xampp\htdocs\simppeg\system\CodeIgniter.php(419): CodeIgniter\CodeIgniter->runController(Object(App\Controllers\back\Pelamar))
#7 C:\xampp\htdocs\simppeg\system\CodeIgniter.php(326): CodeIgniter\CodeIgniter->handleRequest(NULL, Object(Config\Cache), false)
#8 C:\xampp\htdocs\simppeg\public\index.php(37): CodeIgniter\CodeIgniter->run()
#9 C:\xampp\htdocs\simppeg\system\Commands\Server\rewrite.php(43): require_once('C:\\xampp\\htdocs...')
#10 {main}
CRITICAL - 2023-05-14 05:31:16 --> Undefined variable $row
#0 C:\xampp\htdocs\simppeg\app\Views\Page\Pelamar\Profile.php(51): CodeIgniter\Debug\Exceptions->errorHandler(2, 'Undefined varia...', 'C:\\xampp\\htdocs...', 51)
#1 C:\xampp\htdocs\simppeg\system\View\View.php(210): include('C:\\xampp\\htdocs...')
#2 C:\xampp\htdocs\simppeg\system\View\View.php(213): CodeIgniter\View\View->CodeIgniter\View\{closure}()
#3 C:\xampp\htdocs\simppeg\system\Common.php(1089): CodeIgniter\View\View->render('Page/Pelamar/Pr...', Array, true)
#4 C:\xampp\htdocs\simppeg\app\Controllers\Back\Pelamar.php(238): view('Page/Pelamar/Pr...', Array)
#5 C:\xampp\htdocs\simppeg\system\CodeIgniter.php(832): App\Controllers\back\Pelamar->Profile()
#6 C:\xampp\htdocs\simppeg\system\CodeIgniter.php(419): CodeIgniter\CodeIgniter->runController(Object(App\Controllers\back\Pelamar))
#7 C:\xampp\htdocs\simppeg\system\CodeIgniter.php(326): CodeIgniter\CodeIgniter->handleRequest(NULL, Object(Config\Cache), false)
#8 C:\xampp\htdocs\simppeg\public\index.php(37): CodeIgniter\CodeIgniter->run()
#9 C:\xampp\htdocs\simppeg\system\Commands\Server\rewrite.php(43): require_once('C:\\xampp\\htdocs...')
#10 {main}
CRITICAL - 2023-05-14 05:31:21 --> Undefined variable $row
#0 C:\xampp\htdocs\simppeg\app\Views\Page\Pelamar\Profile.php(51): CodeIgniter\Debug\Exceptions->errorHandler(2, 'Undefined varia...', 'C:\\xampp\\htdocs...', 51)
#1 C:\xampp\htdocs\simppeg\system\View\View.php(210): include('C:\\xampp\\htdocs...')
#2 C:\xampp\htdocs\simppeg\system\View\View.php(213): CodeIgniter\View\View->CodeIgniter\View\{closure}()
#3 C:\xampp\htdocs\simppeg\system\Common.php(1089): CodeIgniter\View\View->render('Page/Pelamar/Pr...', Array, true)
#4 C:\xampp\htdocs\simppeg\app\Controllers\Back\Pelamar.php(238): view('Page/Pelamar/Pr...', Array)
#5 C:\xampp\htdocs\simppeg\system\CodeIgniter.php(832): App\Controllers\back\Pelamar->Profile()
#6 C:\xampp\htdocs\simppeg\system\CodeIgniter.php(419): CodeIgniter\CodeIgniter->runController(Object(App\Controllers\back\Pelamar))
#7 C:\xampp\htdocs\simppeg\system\CodeIgniter.php(326): CodeIgniter\CodeIgniter->handleRequest(NULL, Object(Config\Cache), false)
#8 C:\xampp\htdocs\simppeg\public\index.php(37): CodeIgniter\CodeIgniter->run()
#9 C:\xampp\htdocs\simppeg\system\Commands\Server\rewrite.php(43): require_once('C:\\xampp\\htdocs...')
#10 {main}
CRITICAL - 2023-05-14 05:33:58 --> Undefined variable $row
#0 C:\xampp\htdocs\simppeg\app\Views\Page\Pelamar\Profile.php(51): CodeIgniter\Debug\Exceptions->errorHandler(2, 'Undefined varia...', 'C:\\xampp\\htdocs...', 51)
#1 C:\xampp\htdocs\simppeg\system\View\View.php(210): include('C:\\xampp\\htdocs...')
#2 C:\xampp\htdocs\simppeg\system\View\View.php(213): CodeIgniter\View\View->CodeIgniter\View\{closure}()
#3 C:\xampp\htdocs\simppeg\system\Common.php(1089): CodeIgniter\View\View->render('Page/Pelamar/Pr...', Array, true)
#4 C:\xampp\htdocs\simppeg\app\Controllers\Back\Pelamar.php(238): view('Page/Pelamar/Pr...', Array)
#5 C:\xampp\htdocs\simppeg\system\CodeIgniter.php(832): App\Controllers\back\Pelamar->Profile()
#6 C:\xampp\htdocs\simppeg\system\CodeIgniter.php(419): CodeIgniter\CodeIgniter->runController(Object(App\Controllers\back\Pelamar))
#7 C:\xampp\htdocs\simppeg\system\CodeIgniter.php(326): CodeIgniter\CodeIgniter->handleRequest(NULL, Object(Config\Cache), false)
#8 C:\xampp\htdocs\simppeg\public\index.php(37): CodeIgniter\CodeIgniter->run()
#9 C:\xampp\htdocs\simppeg\system\Commands\Server\rewrite.php(43): require_once('C:\\xampp\\htdocs...')
#10 {main}
