CRITICAL - 2023-07-03 11:46:06 --> Trying to access array offset on value of type null
#0 C:\xampp\htdocs\simppeg\app\Controllers\Back\Lowongan.php(220): CodeIgniter\Debug\Exceptions->errorHandler(2, 'Trying to acces...', 'C:\\xampp\\htdocs...', 220)
#1 C:\xampp\htdocs\simppeg\system\CodeIgniter.php(832): App\Controllers\back\Lowongan->formdetail()
#2 C:\xampp\htdocs\simppeg\system\CodeIgniter.php(419): CodeIgniter\CodeIgniter->runController(Object(App\Controllers\back\Lowongan))
#3 C:\xampp\htdocs\simppeg\system\CodeIgniter.php(326): CodeIgniter\CodeIgniter->handleRequest(NULL, Object(Config\Cache), false)
#4 C:\xampp\htdocs\simppeg\public\index.php(37): CodeIgniter\CodeIgniter->run()
#5 C:\xampp\htdocs\simppeg\system\Commands\Server\rewrite.php(43): require_once('C:\\xampp\\htdocs...')
#6 {main}
CRITICAL - 2023-07-03 12:27:46 --> Undefined variable $ijazah_terakhir
#0 C:\xampp\htdocs\simppeg\app\Views\Page\Pelamar\modaldetail.php(94): CodeIgniter\Debug\Exceptions->errorHandler(2, 'Undefined varia...', 'C:\\xampp\\htdocs...', 94)
#1 C:\xampp\htdocs\simppeg\system\View\View.php(210): include('C:\\xampp\\htdocs...')
#2 C:\xampp\htdocs\simppeg\system\View\View.php(213): CodeIgniter\View\View->CodeIgniter\View\{closure}()
#3 C:\xampp\htdocs\simppeg\system\Common.php(1089): CodeIgniter\View\View->render('Page/Pelamar/mo...', Array, true)
#4 C:\xampp\htdocs\simppeg\app\Controllers\Back\Pelamar.php(104): view('Page/Pelamar/mo...', Array)
#5 C:\xampp\htdocs\simppeg\system\CodeIgniter.php(832): App\Controllers\back\Pelamar->formdetail()
#6 C:\xampp\htdocs\simppeg\system\CodeIgniter.php(419): CodeIgniter\CodeIgniter->runController(Object(App\Controllers\back\Pelamar))
#7 C:\xampp\htdocs\simppeg\system\CodeIgniter.php(326): CodeIgniter\CodeIgniter->handleRequest(NULL, Object(Config\Cache), false)
#8 C:\xampp\htdocs\simppeg\public\index.php(37): CodeIgniter\CodeIgniter->run()
#9 C:\xampp\htdocs\simppeg\system\Commands\Server\rewrite.php(43): require_once('C:\\xampp\\htdocs...')
#10 {main}
CRITICAL - 2023-07-03 12:34:56 --> Call to undefined method App\Models\Modelpelamar::download
#0 C:\xampp\htdocs\simppeg\app\Controllers\Back\Pelamar.php(147): CodeIgniter\Model->__call('download', Array)
#1 C:\xampp\htdocs\simppeg\system\CodeIgniter.php(832): App\Controllers\back\Pelamar->download('1688400790_5e61...')
#2 C:\xampp\htdocs\simppeg\system\CodeIgniter.php(419): CodeIgniter\CodeIgniter->runController(Object(App\Controllers\back\Pelamar))
#3 C:\xampp\htdocs\simppeg\system\CodeIgniter.php(326): CodeIgniter\CodeIgniter->handleRequest(NULL, Object(Config\Cache), false)
#4 C:\xampp\htdocs\simppeg\public\index.php(37): CodeIgniter\CodeIgniter->run()
#5 C:\xampp\htdocs\simppeg\system\Commands\Server\rewrite.php(43): require_once('C:\\xampp\\htdocs...')
#6 {main}
CRITICAL - 2023-07-03 12:39:18 --> Call to undefined function App\Controllers\back\force_download()
#0 C:\xampp\htdocs\simppeg\system\CodeIgniter.php(832): App\Controllers\back\Pelamar->download('1688400790_5e61...')
#1 C:\xampp\htdocs\simppeg\system\CodeIgniter.php(419): CodeIgniter\CodeIgniter->runController(Object(App\Controllers\back\Pelamar))
#2 C:\xampp\htdocs\simppeg\system\CodeIgniter.php(326): CodeIgniter\CodeIgniter->handleRequest(NULL, Object(Config\Cache), false)
#3 C:\xampp\htdocs\simppeg\public\index.php(37): CodeIgniter\CodeIgniter->run()
#4 C:\xampp\htdocs\simppeg\system\Commands\Server\rewrite.php(43): require_once('C:\\xampp\\htdocs...')
#5 {main}
CRITICAL - 2023-07-03 12:39:56 --> Call to undefined method App\Models\Modelpelamar::download
#0 C:\xampp\htdocs\simppeg\app\Controllers\Back\Pelamar.php(148): CodeIgniter\Model->__call('download', Array)
#1 C:\xampp\htdocs\simppeg\system\CodeIgniter.php(832): App\Controllers\back\Pelamar->download('1688400790_5e61...')
#2 C:\xampp\htdocs\simppeg\system\CodeIgniter.php(419): CodeIgniter\CodeIgniter->runController(Object(App\Controllers\back\Pelamar))
#3 C:\xampp\htdocs\simppeg\system\CodeIgniter.php(326): CodeIgniter\CodeIgniter->handleRequest(NULL, Object(Config\Cache), false)
#4 C:\xampp\htdocs\simppeg\public\index.php(37): CodeIgniter\CodeIgniter->run()
#5 C:\xampp\htdocs\simppeg\system\Commands\Server\rewrite.php(43): require_once('C:\\xampp\\htdocs...')
#6 {main}
CRITICAL - 2023-07-03 12:48:05 --> Too few arguments to function App\Controllers\back\Pelamar::download(), 0 passed in C:\xampp\htdocs\simppeg\system\CodeIgniter.php on line 832 and exactly 1 expected
#0 C:\xampp\htdocs\simppeg\system\CodeIgniter.php(832): App\Controllers\back\Pelamar->download()
#1 C:\xampp\htdocs\simppeg\system\CodeIgniter.php(419): CodeIgniter\CodeIgniter->runController(Object(App\Controllers\back\Pelamar))
#2 C:\xampp\htdocs\simppeg\system\CodeIgniter.php(326): CodeIgniter\CodeIgniter->handleRequest(NULL, Object(Config\Cache), false)
#3 C:\xampp\htdocs\simppeg\public\index.php(37): CodeIgniter\CodeIgniter->run()
#4 C:\xampp\htdocs\simppeg\system\Commands\Server\rewrite.php(43): require_once('C:\\xampp\\htdocs...')
#5 {main}
