CRITICAL - 2023-05-08 11:57:32 --> Attempt to read property "nama" on null
#0 C:\xampp\htdocs\simppeg\app\Views\Base\Main.php(102): CodeIgniter\Debug\Exceptions->errorHandler(2, 'Attempt to read...', 'C:\\xampp\\htdocs...', 102)
#1 C:\xampp\htdocs\simppeg\system\View\View.php(210): include('C:\\xampp\\htdocs...')
#2 C:\xampp\htdocs\simppeg\system\View\View.php(213): CodeIgniter\View\View->CodeIgniter\View\{closure}()
#3 C:\xampp\htdocs\simppeg\system\View\View.php(226): CodeIgniter\View\View->render('Base/Main', Array, true)
#4 C:\xampp\htdocs\simppeg\system\View\View.php(226): CodeIgniter\View\View->render('Base/Menu', Array, true)
#5 C:\xampp\htdocs\simppeg\system\Common.php(1089): CodeIgniter\View\View->render('Page/Keahlian/V...', Array, true)
#6 C:\xampp\htdocs\simppeg\app\Controllers\Back\Keahlian.php(17): view('Page/Keahlian/V...', Array)
#7 C:\xampp\htdocs\simppeg\system\CodeIgniter.php(832): App\Controllers\back\Keahlian->index()
#8 C:\xampp\htdocs\simppeg\system\CodeIgniter.php(419): CodeIgniter\CodeIgniter->runController(Object(App\Controllers\back\Keahlian))
#9 C:\xampp\htdocs\simppeg\system\CodeIgniter.php(326): CodeIgniter\CodeIgniter->handleRequest(NULL, Object(Config\Cache), false)
#10 C:\xampp\htdocs\simppeg\public\index.php(37): CodeIgniter\CodeIgniter->run()
#11 C:\xampp\htdocs\simppeg\system\Commands\Server\rewrite.php(43): require_once('C:\\xampp\\htdocs...')
#12 {main}
CRITICAL - 2023-05-08 12:10:17 --> syntax error, unexpected token "else", expecting "function" or "const"
#0 C:\xampp\htdocs\simppeg\system\Autoloader\Autoloader.php(241): CodeIgniter\Autoloader\Autoloader->includeFile('C:\\xampp\\htdocs...')
#1 C:\xampp\htdocs\simppeg\system\Autoloader\Autoloader.php(219): CodeIgniter\Autoloader\Autoloader->loadInNamespace('App\\Controllers...')
#2 [internal function]: CodeIgniter\Autoloader\Autoloader->loadClass('App\\Controllers...')
#3 C:\xampp\htdocs\simppeg\system\CodeIgniter.php(797): class_exists('\\App\\Controller...', true)
#4 C:\xampp\htdocs\simppeg\system\CodeIgniter.php(406): CodeIgniter\CodeIgniter->startController()
#5 C:\xampp\htdocs\simppeg\system\CodeIgniter.php(326): CodeIgniter\CodeIgniter->handleRequest(NULL, Object(Config\Cache), false)
#6 C:\xampp\htdocs\simppeg\public\index.php(37): CodeIgniter\CodeIgniter->run()
#7 C:\xampp\htdocs\simppeg\system\Commands\Server\rewrite.php(43): require_once('C:\\xampp\\htdocs...')
#8 {main}
